<html xmlns:math="http://exslt.org/math" xmlns:testng="http://testng.org">
   <head>
      <title>TestNG Results</title>
      <meta http-equiv="content-type" content="text/html; charset=utf-8"></meta>
      <meta http-equiv="pragma" content="no-cache"></meta>
      <meta http-equiv="cache-control" content="max-age=0"></meta>
      <meta http-equiv="cache-control" content="no-cache"></meta>
      <meta http-equiv="cache-control" content="no-store"></meta>
      <LINK rel="stylesheet" href="style.css"></LINK>
      <script type="text/javascript" src="main.js"></script>
   </head>
   <body>
      <table width="100%" style="font-size: 16px; margin-bottom: 10px;" cellspacing="1">
         <tr>
            <td width="100%">
               Test case
               
               <b>Test1</b>
            </td>
            <td style="background-color: #FFBBBB; padding: 3px 3px 3px 0;" align="center">
               <div style="width: 50px;">1</div>
            </td>
            <td style="background-color: lightgreen; padding: 3px 3px 3px 0;" align="center">
               <div style="width: 50px;">0</div>
            </td>
            <td style="background-color: #FFFFBB; padding: 3px 3px 3px 0;" align="center">
               <div style="width: 50px;">0</div>
            </td>
            <td align="center" style="background-color: #eaf0f7; padding: 3px 3px 3px 0;">
               <div style="width: 50px;">1</div>
            </td>
            <td align="center"
                style="font-weight: bold; background-color: #eaf0f7; padding: 3px 3px 3px 0;">
               <div style="width: 50px;">0%</div>
            </td>
            <td style="background-color: #eaf0f7; padding: 3px 3px 3px 0;" align="center"
                nowrap="true">7s
               
            </td>
         </tr>
      </table>
      <div style="width: 200px;">
         <label for="groupMethodsCheckBox" style="font-weight: bold; margin: 0;">
            <input id="groupMethodsCheckBox" type="checkbox" onclick="switchTestMethodsView(this)"></input>
            Group by class
            
         </label>
         <br></br>
         <label for="methodsFilter_ALL" style="font-weight: bold; margin: 0;">
            <input id="methodsFilter_ALL" type="checkbox"
                   onclick="testMethodsFilterChanged(this, 'ALL')"></input>
            All
            
         </label>
      </div>
      <label for="methodsFilter_FAIL" style="margin-left: 20px;">
         <input id="methodsFilter_FAIL" type="checkbox"
                onclick="testMethodsFilterChanged(this, 'FAIL')"
                checked=""></input>
         Failed
         
      </label>
      <label for="methodsFilter_PASS">
         <input id="methodsFilter_PASS" type="checkbox"
                onclick="testMethodsFilterChanged(this, 'PASS')"
                checked=""></input>
         Passed
         
      </label>
      <label for="methodsFilter_SKIP">
         <input id="methodsFilter_SKIP" type="checkbox"
                onclick="testMethodsFilterChanged(this, 'SKIP')"
                checked=""></input>
         Skipped
         
      </label>
      <label for="methodsFilter_CONF">
         <input id="methodsFilter_CONF" type="checkbox"
                onclick="testMethodsFilterChanged(this, 'CONF')"></input>
         Config
         
      </label>
      <br></br>
      <div id="testMethodsByStatus">
         <table class="testMethodsTable" cellpadding="0" cellspacing="0">
            <tr class="methodsTableHeader">
               <td width="100%">Name</td>
               <td nowrap="true">Started</td>
               <td nowrap="true">Duration</td>
               <td>Exception</td>
            </tr>
            <tr id="com.test.testcases.Login_testLogin_byStatus_failed_FAIL1_row"
                class="testMethodStatusFAIL">
               <td width="100%" class="firstMethodCell">
                  <a onclick="toggleDetailsVisibility('com.test.testcases.Login_testLogin_byStatus_failed_FAIL1_details')">testLogin({username=test1, password=123456, url=})</a>
               </td>
               <td nowrap="true">22:41:06</td>
               <td nowrap="true" align="right">181 ms
                  
               </td>
               <td nowrap="true">
                  <a onclick="toggleDetailsVisibility('com.test.testcases.Login_testLogin_byStatus_failed_FAIL1_exception')">org.openqa.selenium.WebDriverException: 
                     unknown error: unhandled inspector error: {"code":-32603,"message":"Cannot navigate to invalid URL"}
                     (Session info: chrome=41.0.2272.118)
                     (Driver info: chromedriver=2.13.307647 (5a7d0541ebc58e69994a6fb2ed930f45261f3c29),platform=Windows NT 6.1 SP1 x86_64) (WARNING:
                     The server did not provide any stacktrace information)
                     Command duration or timeout: 177 milliseconds
                     Build info: version: '2.44.0', revision: '76d78cf', time: '2014-10-23 20:02:37'
                     System info: host: 'IT-SarahGao', ip: '192.168.1.108', os.name: 'Windows 7', os.arch: 'amd64', os.version: '6.1', java.version:
                     '1.7.0_72'
                     Session ID: 589905b0244d491f47672a06b7255e94
                     Driver info: org.openqa.selenium.chrome.ChromeDriver
                     Capabilities [{platform=XP, acceptSslCerts=true, javascriptEnabled=true, browserName=chrome, chrome={userDataDir=C:\Users\Sarah\AppData\Local\Temp\scoped_dir8424_19438},
                     rotatable=false, locationContextEnabled=true, mobileEmulationEnabled=false, version=41.0.2272.118, takesHeapSnapshot=true,
                     cssSelectorsEnabled=true, databaseEnabled=false, handlesAlerts=true, browserConnectionEnabled=false, webStorageEnabled=true,
                     nativeEvents=true, applicationCacheEnabled=false, takesScreenshot=true}]
                     
                  </a>
                   
                  
               </td>
            </tr>
            <tr>
               <td colspan="4"
                   style="padding: 0; background-color: white; border-style: none; height: 0px;">
                  <div id="com.test.testcases.Login_testLogin_byStatus_failed_FAIL1_details"
                       class="testMethodDetails">
                     <div>
                        <b>Name:
                           
                        </b>testLogin
                     </div>
                     <div>
                        <b>Signature:
                           
                        </b>testLogin(java.util.Map)[pri:0, instance:com.test.testcases.Login@20ba650b]
                     </div>
                     <div>
                        <b>Parameters:
                           
                        </b>
                        
                        {username=test1, password=123456, url=}
                        
                        
                     </div>
                     <div>
                        <b>Start time:
                           
                        </b>22:41:06
                     </div>
                     <div>
                        <b>End time:
                           
                        </b>22:41:06
                     </div>
                     <div>
                        <b>Duration:
                           
                        </b>181 ms
                        
                     </div>
                  </div>
               </td>
            </tr>
            <tr>
               <td colspan="4"
                   style="padding: 0; background-color: white; border-style: none; height: 0px;">
                  <div id="com.test.testcases.Login_testLogin_byStatus_failed_FAIL1_exception"
                       class="testMethodDetails">
                     <pre style="padding: 5px; margin: 0;">org.openqa.selenium.WebDriverException: unknown error: unhandled inspector error: {"code":-32603,"message":"Cannot navigate
                        to invalid URL"}
                        (Session info: chrome=41.0.2272.118)
                        (Driver info: chromedriver=2.13.307647 (5a7d0541ebc58e69994a6fb2ed930f45261f3c29),platform=Windows NT 6.1 SP1 x86_64) (WARNING:
                        The server did not provide any stacktrace information)
                        Command duration or timeout: 177 milliseconds
                        Build info: version: '2.44.0', revision: '76d78cf', time: '2014-10-23 20:02:37'
                        System info: host: 'IT-SarahGao', ip: '192.168.1.108', os.name: 'Windows 7', os.arch: 'amd64', os.version: '6.1', java.version:
                        '1.7.0_72'
                        Session ID: 589905b0244d491f47672a06b7255e94
                        Driver info: org.openqa.selenium.chrome.ChromeDriver
                        Capabilities [{platform=XP, acceptSslCerts=true, javascriptEnabled=true, browserName=chrome, chrome={userDataDir=C:\Users\Sarah\AppData\Local\Temp\scoped_dir8424_19438},
                        rotatable=false, locationContextEnabled=true, mobileEmulationEnabled=false, version=41.0.2272.118, takesHeapSnapshot=true,
                        cssSelectorsEnabled=true, databaseEnabled=false, handlesAlerts=true, browserConnectionEnabled=false, webStorageEnabled=true,
                        nativeEvents=true, applicationCacheEnabled=false, takesScreenshot=true}]
                        	at sun.reflect.NativeConstructorAccessorImpl.newInstance0(Native Method)
                        	at sun.reflect.NativeConstructorAccessorImpl.newInstance(NativeConstructorAccessorImpl.java:57)
                        	at sun.reflect.DelegatingConstructorAccessorImpl.newInstance(DelegatingConstructorAccessorImpl.java:45)
                        	at java.lang.reflect.Constructor.newInstance(Constructor.java:526)
                        	at org.openqa.selenium.remote.ErrorHandler.createThrowable(ErrorHandler.java:204)
                        	at org.openqa.selenium.remote.ErrorHandler.throwIfResponseFailed(ErrorHandler.java:156)
                        	at org.openqa.selenium.remote.RemoteWebDriver.execute(RemoteWebDriver.java:599)
                        	at org.openqa.selenium.remote.RemoteWebDriver.get(RemoteWebDriver.java:304)
                        	at com.test.base.TestBase.goTo(Unknown Source)
                        	at com.test.testcases.Login.testLogin(Unknown Source)
                        	at sun.reflect.NativeMethodAccessorImpl.invoke0(Native Method)
                        	at sun.reflect.NativeMethodAccessorImpl.invoke(NativeMethodAccessorImpl.java:57)
                        	at sun.reflect.DelegatingMethodAccessorImpl.invoke(DelegatingMethodAccessorImpl.java:43)
                        	at java.lang.reflect.Method.invoke(Method.java:606)
                        	at org.testng.internal.MethodInvocationHelper.invokeMethod(MethodInvocationHelper.java:84)
                        	at org.testng.internal.Invoker.invokeMethod(Invoker.java:714)
                        	at org.testng.internal.Invoker.invokeTestMethod(Invoker.java:901)
                        	at org.testng.internal.Invoker.invokeTestMethods(Invoker.java:1231)
                        	at org.testng.internal.TestMethodWorker.invokeTestMethods(TestMethodWorker.java:127)
                        	at org.testng.internal.TestMethodWorker.run(TestMethodWorker.java:111)
                        	at org.testng.TestRunner.privateRun(TestRunner.java:767)
                        	at org.testng.TestRunner.run(TestRunner.java:617)
                        	at org.testng.SuiteRunner.runTest(SuiteRunner.java:334)
                        	at org.testng.SuiteRunner.runSequentially(SuiteRunner.java:329)
                        	at org.testng.SuiteRunner.privateRun(SuiteRunner.java:291)
                        	at org.testng.SuiteRunner.run(SuiteRunner.java:240)
                        	at org.testng.SuiteRunnerWorker.runSuite(SuiteRunnerWorker.java:52)
                        	at org.testng.SuiteRunnerWorker.run(SuiteRunnerWorker.java:86)
                        	at org.testng.TestNG.runSuitesSequentially(TestNG.java:1224)
                        	at org.testng.TestNG.runSuitesLocally(TestNG.java:1149)
                        	at org.testng.TestNG.run(TestNG.java:1057)
                        	at org.testng.TestNG.privateMain(TestNG.java:1364)
                        	at org.testng.TestNG.main(TestNG.java:1333)
                     </pre>
                  </div>
               </td>
            </tr>
            <tr id="com.test.testcases.Login_initialDriver_byStatus_passed_PASS1_row"
                class="testMethodStatusPASS testMethodStatusCONF">
               <td width="100%" class="firstMethodCell">
                  <a onclick="toggleDetailsVisibility('com.test.testcases.Login_initialDriver_byStatus_passed_PASS1_details')">initialDriver()</a>
               </td>
               <td nowrap="true">22:41:00</td>
               <td nowrap="true" align="right">6s
                  
               </td>
               <td nowrap="true">
                   
                  
               </td>
            </tr>
            <tr>
               <td colspan="4"
                   style="padding: 0; background-color: white; border-style: none; height: 0px;">
                  <div id="com.test.testcases.Login_initialDriver_byStatus_passed_PASS1_details"
                       class="testMethodDetails">
                     <div>
                        <b>Name:
                           
                        </b>initialDriver
                     </div>
                     <div>
                        <b>Signature:
                           
                        </b>initialDriver()[pri:0, instance:com.test.testcases.Login@20ba650b]
                     </div>
                     <div>
                        <b>Start time:
                           
                        </b>22:41:00
                     </div>
                     <div>
                        <b>End time:
                           
                        </b>22:41:06
                     </div>
                     <div>
                        <b>Duration:
                           
                        </b>6s
                        
                     </div>
                  </div>
               </td>
            </tr>
            <tr></tr>
            <tr id="com.test.testcases.Login_closeDriver_byStatus_passed_PASS2_row"
                class="testMethodStatusPASS testMethodStatusCONF">
               <td width="100%" class="firstMethodCell">
                  <a onclick="toggleDetailsVisibility('com.test.testcases.Login_closeDriver_byStatus_passed_PASS2_details')">closeDriver()</a>
               </td>
               <td nowrap="true">22:41:06</td>
               <td nowrap="true" align="right">1s
                  
               </td>
               <td nowrap="true">
                   
                  
               </td>
            </tr>
            <tr>
               <td colspan="4"
                   style="padding: 0; background-color: white; border-style: none; height: 0px;">
                  <div id="com.test.testcases.Login_closeDriver_byStatus_passed_PASS2_details"
                       class="testMethodDetails">
                     <div>
                        <b>Name:
                           
                        </b>closeDriver
                     </div>
                     <div>
                        <b>Signature:
                           
                        </b>closeDriver()[pri:0, instance:com.test.testcases.Login@20ba650b]
                     </div>
                     <div>
                        <b>Start time:
                           
                        </b>22:41:06
                     </div>
                     <div>
                        <b>End time:
                           
                        </b>22:41:07
                     </div>
                     <div>
                        <b>Duration:
                           
                        </b>1s
                        
                     </div>
                  </div>
               </td>
            </tr>
            <tr></tr>
         </table>
      </div>
      <div id="testMethodsByClass" style="display: none;">
         <table class="testMethodsTable" cellpadding="0" cellspacing="0">
            <tr>
               <td colspan="4">
                  <h3 style="display: inline;">com.test.testcases.Login</h3>
               </td>
            </tr>
            <tr class="methodsTableHeader">
               <td width="100%">Name</td>
               <td nowrap="true">Started</td>
               <td nowrap="true">Duration</td>
               <td>Exception</td>
            </tr>
            <tr id="com.test.testcases.Login_initialDriver_byClass_PASS1_row"
                class="testMethodStatusPASS testMethodStatusCONF">
               <td width="100%" class="firstMethodCell">
                  <a onclick="toggleDetailsVisibility('com.test.testcases.Login_initialDriver_byClass_PASS1_details')">initialDriver()</a>
               </td>
               <td nowrap="true">22:41:00</td>
               <td nowrap="true" align="right">6s
                  
               </td>
               <td nowrap="true">
                   
                  
               </td>
            </tr>
            <tr>
               <td colspan="4"
                   style="padding: 0; background-color: white; border-style: none; height: 0px;">
                  <div id="com.test.testcases.Login_initialDriver_byClass_PASS1_details"
                       class="testMethodDetails">
                     <div>
                        <b>Name:
                           
                        </b>initialDriver
                     </div>
                     <div>
                        <b>Signature:
                           
                        </b>initialDriver()[pri:0, instance:com.test.testcases.Login@20ba650b]
                     </div>
                     <div>
                        <b>Start time:
                           
                        </b>22:41:00
                     </div>
                     <div>
                        <b>End time:
                           
                        </b>22:41:06
                     </div>
                     <div>
                        <b>Duration:
                           
                        </b>6s
                        
                     </div>
                  </div>
               </td>
            </tr>
            <tr></tr>
            <tr id="com.test.testcases.Login_testLogin_byClass_FAIL2_row"
                class="testMethodStatusFAIL">
               <td width="100%" class="firstMethodCell">
                  <a onclick="toggleDetailsVisibility('com.test.testcases.Login_testLogin_byClass_FAIL2_details')">testLogin({username=test1, password=123456, url=})</a>
               </td>
               <td nowrap="true">22:41:06</td>
               <td nowrap="true" align="right">181 ms
                  
               </td>
               <td nowrap="true">
                  <a onclick="toggleDetailsVisibility('com.test.testcases.Login_testLogin_byClass_FAIL2_exception')">org.openqa.selenium.WebDriverException: 
                     unknown error: unhandled inspector error: {"code":-32603,"message":"Cannot navigate to invalid URL"}
                     (Session info: chrome=41.0.2272.118)
                     (Driver info: chromedriver=2.13.307647 (5a7d0541ebc58e69994a6fb2ed930f45261f3c29),platform=Windows NT 6.1 SP1 x86_64) (WARNING:
                     The server did not provide any stacktrace information)
                     Command duration or timeout: 177 milliseconds
                     Build info: version: '2.44.0', revision: '76d78cf', time: '2014-10-23 20:02:37'
                     System info: host: 'IT-SarahGao', ip: '192.168.1.108', os.name: 'Windows 7', os.arch: 'amd64', os.version: '6.1', java.version:
                     '1.7.0_72'
                     Session ID: 589905b0244d491f47672a06b7255e94
                     Driver info: org.openqa.selenium.chrome.ChromeDriver
                     Capabilities [{platform=XP, acceptSslCerts=true, javascriptEnabled=true, browserName=chrome, chrome={userDataDir=C:\Users\Sarah\AppData\Local\Temp\scoped_dir8424_19438},
                     rotatable=false, locationContextEnabled=true, mobileEmulationEnabled=false, version=41.0.2272.118, takesHeapSnapshot=true,
                     cssSelectorsEnabled=true, databaseEnabled=false, handlesAlerts=true, browserConnectionEnabled=false, webStorageEnabled=true,
                     nativeEvents=true, applicationCacheEnabled=false, takesScreenshot=true}]
                     
                  </a>
                   
                  
               </td>
            </tr>
            <tr>
               <td colspan="4"
                   style="padding: 0; background-color: white; border-style: none; height: 0px;">
                  <div id="com.test.testcases.Login_testLogin_byClass_FAIL2_details"
                       class="testMethodDetails">
                     <div>
                        <b>Name:
                           
                        </b>testLogin
                     </div>
                     <div>
                        <b>Signature:
                           
                        </b>testLogin(java.util.Map)[pri:0, instance:com.test.testcases.Login@20ba650b]
                     </div>
                     <div>
                        <b>Parameters:
                           
                        </b>
                        
                        {username=test1, password=123456, url=}
                        
                        
                     </div>
                     <div>
                        <b>Start time:
                           
                        </b>22:41:06
                     </div>
                     <div>
                        <b>End time:
                           
                        </b>22:41:06
                     </div>
                     <div>
                        <b>Duration:
                           
                        </b>181 ms
                        
                     </div>
                  </div>
               </td>
            </tr>
            <tr>
               <td colspan="4"
                   style="padding: 0; background-color: white; border-style: none; height: 0px;">
                  <div id="com.test.testcases.Login_testLogin_byClass_FAIL2_exception"
                       class="testMethodDetails">
                     <pre style="padding: 5px; margin: 0;">org.openqa.selenium.WebDriverException: unknown error: unhandled inspector error: {"code":-32603,"message":"Cannot navigate
                        to invalid URL"}
                        (Session info: chrome=41.0.2272.118)
                        (Driver info: chromedriver=2.13.307647 (5a7d0541ebc58e69994a6fb2ed930f45261f3c29),platform=Windows NT 6.1 SP1 x86_64) (WARNING:
                        The server did not provide any stacktrace information)
                        Command duration or timeout: 177 milliseconds
                        Build info: version: '2.44.0', revision: '76d78cf', time: '2014-10-23 20:02:37'
                        System info: host: 'IT-SarahGao', ip: '192.168.1.108', os.name: 'Windows 7', os.arch: 'amd64', os.version: '6.1', java.version:
                        '1.7.0_72'
                        Session ID: 589905b0244d491f47672a06b7255e94
                        Driver info: org.openqa.selenium.chrome.ChromeDriver
                        Capabilities [{platform=XP, acceptSslCerts=true, javascriptEnabled=true, browserName=chrome, chrome={userDataDir=C:\Users\Sarah\AppData\Local\Temp\scoped_dir8424_19438},
                        rotatable=false, locationContextEnabled=true, mobileEmulationEnabled=false, version=41.0.2272.118, takesHeapSnapshot=true,
                        cssSelectorsEnabled=true, databaseEnabled=false, handlesAlerts=true, browserConnectionEnabled=false, webStorageEnabled=true,
                        nativeEvents=true, applicationCacheEnabled=false, takesScreenshot=true}]
                        	at sun.reflect.NativeConstructorAccessorImpl.newInstance0(Native Method)
                        	at sun.reflect.NativeConstructorAccessorImpl.newInstance(NativeConstructorAccessorImpl.java:57)
                        	at sun.reflect.DelegatingConstructorAccessorImpl.newInstance(DelegatingConstructorAccessorImpl.java:45)
                        	at java.lang.reflect.Constructor.newInstance(Constructor.java:526)
                        	at org.openqa.selenium.remote.ErrorHandler.createThrowable(ErrorHandler.java:204)
                        	at org.openqa.selenium.remote.ErrorHandler.throwIfResponseFailed(ErrorHandler.java:156)
                        	at org.openqa.selenium.remote.RemoteWebDriver.execute(RemoteWebDriver.java:599)
                        	at org.openqa.selenium.remote.RemoteWebDriver.get(RemoteWebDriver.java:304)
                        	at com.test.base.TestBase.goTo(Unknown Source)
                        	at com.test.testcases.Login.testLogin(Unknown Source)
                        	at sun.reflect.NativeMethodAccessorImpl.invoke0(Native Method)
                        	at sun.reflect.NativeMethodAccessorImpl.invoke(NativeMethodAccessorImpl.java:57)
                        	at sun.reflect.DelegatingMethodAccessorImpl.invoke(DelegatingMethodAccessorImpl.java:43)
                        	at java.lang.reflect.Method.invoke(Method.java:606)
                        	at org.testng.internal.MethodInvocationHelper.invokeMethod(MethodInvocationHelper.java:84)
                        	at org.testng.internal.Invoker.invokeMethod(Invoker.java:714)
                        	at org.testng.internal.Invoker.invokeTestMethod(Invoker.java:901)
                        	at org.testng.internal.Invoker.invokeTestMethods(Invoker.java:1231)
                        	at org.testng.internal.TestMethodWorker.invokeTestMethods(TestMethodWorker.java:127)
                        	at org.testng.internal.TestMethodWorker.run(TestMethodWorker.java:111)
                        	at org.testng.TestRunner.privateRun(TestRunner.java:767)
                        	at org.testng.TestRunner.run(TestRunner.java:617)
                        	at org.testng.SuiteRunner.runTest(SuiteRunner.java:334)
                        	at org.testng.SuiteRunner.runSequentially(SuiteRunner.java:329)
                        	at org.testng.SuiteRunner.privateRun(SuiteRunner.java:291)
                        	at org.testng.SuiteRunner.run(SuiteRunner.java:240)
                        	at org.testng.SuiteRunnerWorker.runSuite(SuiteRunnerWorker.java:52)
                        	at org.testng.SuiteRunnerWorker.run(SuiteRunnerWorker.java:86)
                        	at org.testng.TestNG.runSuitesSequentially(TestNG.java:1224)
                        	at org.testng.TestNG.runSuitesLocally(TestNG.java:1149)
                        	at org.testng.TestNG.run(TestNG.java:1057)
                        	at org.testng.TestNG.privateMain(TestNG.java:1364)
                        	at org.testng.TestNG.main(TestNG.java:1333)
                     </pre>
                  </div>
               </td>
            </tr>
            <tr id="com.test.testcases.Login_closeDriver_byClass_PASS3_row"
                class="testMethodStatusPASS testMethodStatusCONF">
               <td width="100%" class="firstMethodCell">
                  <a onclick="toggleDetailsVisibility('com.test.testcases.Login_closeDriver_byClass_PASS3_details')">closeDriver()</a>
               </td>
               <td nowrap="true">22:41:06</td>
               <td nowrap="true" align="right">1s
                  
               </td>
               <td nowrap="true">
                   
                  
               </td>
            </tr>
            <tr>
               <td colspan="4"
                   style="padding: 0; background-color: white; border-style: none; height: 0px;">
                  <div id="com.test.testcases.Login_closeDriver_byClass_PASS3_details"
                       class="testMethodDetails">
                     <div>
                        <b>Name:
                           
                        </b>closeDriver
                     </div>
                     <div>
                        <b>Signature:
                           
                        </b>closeDriver()[pri:0, instance:com.test.testcases.Login@20ba650b]
                     </div>
                     <div>
                        <b>Start time:
                           
                        </b>22:41:06
                     </div>
                     <div>
                        <b>End time:
                           
                        </b>22:41:07
                     </div>
                     <div>
                        <b>Duration:
                           
                        </b>1s
                        
                     </div>
                  </div>
               </td>
            </tr>
            <tr></tr>
         </table>
         <br></br>
      </div>
      <div style="margin-top: 15px; color: gray; text-align: center; font-size: 9px;">
         Generated with
         
         <a href="http://code.google.com/p/testng-xslt/" style="color: #8888aa;"
            target="_blank">
            TestNG XSLT
            
         </a>
      </div>
   </body>
</html>